Ex1 (OOP) Simulator log: stage data/Building/B2.json,  out.csv
0.0,OOP_Ex1_Elevator_Simulator
0.0,Simulated Building, Building [-2,10]
0) ex1.Elevator_A, Elev_, id,0,  speed, 1.0, open: 2.0,  start: 3.0, close: 2.0,  stop: 3.0
1) ex1.Elevator_A, Elev_, id,1,  speed, 2.0, open: 2.0,  start: 3.0, close: 2.0,  stop: 3.0

0.0,Simulated Period starTime,0.0,  endTime,1104.1840186,  dt,1.0
0.0,Simulated  calls,Elevator log, size: 100
0.0,**** Simulation starts!! ****
5.0,Elevator call,4.37472729,0,-1,1,0, got allocated to elevator, 0
5.0,Elev,0,  arrived at src, 0, Elevator call,4.37472729,0,-1,2,0
5.0, elevID,0,  pos,0,  cmd, goto,-1
16.0,Elev,0,  arrived at dest, -1, this call is done!, Elevator call,4.37472729,0,-1,3,0, Done, dt, 11.62527271
17.0,Elevator call,16.95788289,-1,0,1,0, got allocated to elevator, 0
17.0,Elev,0,  arrived at src, -1, Elevator call,16.95788289,-1,0,2,0
17.0, elevID,0,  pos,-1,  cmd, goto,0
23.0,Elevator call,22.0940563,0,-1,1,0, got allocated to elevator, 0
28.0,Elev,0,  arrived at dest, 0, this call is done!, Elevator call,16.95788289,-1,0,3,0, Done, dt, 11.04211711
28.0,Elev,0,  arrived at src, 0, Elevator call,22.0940563,0,-1,2,0
28.0, elevID,0,  pos,0,  cmd, goto,-1
39.0,Elev,0,  arrived at dest, -1, this call is done!, Elevator call,22.0940563,0,-1,3,0, Done, dt, 16.9059437
86.0,Elevator call,85.52096662,3,2,1,0, got allocated to elevator, 0
86.0, elevID,0,  pos,-1,  cmd, goto,3
92.0,Elevator call,91.21019413,-1,-2,1,0, got allocated to elevator, 0
100.0,Elev,0,  arrived at src, 3, Elevator call,85.52096662,3,2,2,0
100.0, elevID,0,  pos,3,  cmd, goto,2
105.0,Elevator call,104.1370124,0,4,1,0, got allocated to elevator, 0
110.0,Elevator call,109.2135291,-1,0,1,0, got allocated to elevator, 0
111.0,Elev,0,  arrived at dest, 2, this call is done!, Elevator call,85.52096662,3,2,3,0, Done, dt, 25.479033380000004
111.0, elevID,0,  pos,2,  cmd, goto,0
115.0,Elevator call,114.392351,3,0,1,0, got allocated to elevator, 0
123.0,Elev,0,  arrived at src, 0, Elevator call,104.1370124,0,4,2,0
123.0, elevID,0,  pos,0,  cmd, goto,-1
125.0,Elevator call,124.425571,0,9,1,1, got allocated to elevator, 1
125.0,Elev,1,  arrived at src, 0, Elevator call,124.425571,0,9,2,1
125.0, elevID,1,  pos,0,  cmd, goto,9
131.0,Elevator call,130.0249568,8,10,1,0, got allocated to elevator, 0
131.0,Elevator call,130.2249113,-1,1,1,0, got allocated to elevator, 0
134.0,Elev,0,  arrived at src, -1, Elevator call,91.21019413,-1,-2,2,0
134.0,Elev,0,  arrived at src, -1, Elevator call,109.2135291,-1,0,2,0
134.0,Elev,0,  arrived at src, -1, Elevator call,130.2249113,-1,1,2,0
134.0, elevID,0,  pos,-1,  cmd, goto,-2
138.0,Elevator call,137.9515274,0,4,1,0, got allocated to elevator, 0
140.0,Elev,1,  arrived at dest, 9, this call is done!, Elevator call,124.425571,0,9,3,1, Done, dt, 15.574428999999995
144.0,Elevator call,143.9133584,0,6,1,1, got allocated to elevator, 1
144.0, elevID,1,  pos,9,  cmd, goto,0
145.0,Elev,0,  arrived at dest, -2, this call is done!, Elevator call,91.21019413,-1,-2,3,0, Done, dt, 53.789805869999995
145.0, elevID,0,  pos,-2,  cmd, goto,0
157.0,Elev,0,  arrived at dest, 0, this call is done!, Elevator call,109.2135291,-1,0,3,0, Done, dt, 47.7864709
157.0,Elev,0,  arrived at src, 0, Elevator call,137.9515274,0,4,2,0
157.0, elevID,0,  pos,0,  cmd, goto,1
159.0,Elev,1,  arrived at src, 0, Elevator call,143.9133584,0,6,2,1
159.0, elevID,1,  pos,0,  cmd, goto,6
168.0,Elev,0,  arrived at dest, 1, this call is done!, Elevator call,130.2249113,-1,1,3,0, Done, dt, 37.7750887
168.0, elevID,0,  pos,1,  cmd, goto,3
170.0,Elevator call,169.7845834,-1,0,1,0, got allocated to elevator, 0
171.0,Elevator call,170.0099621,0,6,1,1, got allocated to elevator, 1
172.0,Elevator call,171.2117332,-1,8,1,1, got allocated to elevator, 1
172.0,Elev,1,  arrived at dest, 6, this call is done!, Elevator call,143.9133584,0,6,3,1, Done, dt, 28.086641600000007
172.0, elevID,1,  pos,6,  cmd, goto,0
175.0,Elevator call,174.8438515,0,-1,1,0, got allocated to elevator, 0
180.0,Elev,0,  arrived at src, 3, Elevator call,114.392351,3,0,2,0
180.0, elevID,0,  pos,3,  cmd, goto,4
185.0,Elev,1,  arrived at src, 0, Elevator call,170.0099621,0,6,2,1
185.0, elevID,1,  pos,0,  cmd, goto,-1
188.0,Elevator call,187.1167862,-1,-2,1,0, got allocated to elevator, 0
188.0,Elevator call,187.7299318,-1,-2,1,0, got allocated to elevator, 0
191.0,Elev,0,  arrived at dest, 4, this call is done!, Elevator call,104.1370124,0,4,3,0, Done, dt, 86.8629876
191.0,Elev,0,  arrived at dest, 4, this call is done!, Elevator call,137.9515274,0,4,3,0, Done, dt, 53.0484726
191.0, elevID,0,  pos,4,  cmd, goto,8
196.0,Elevator call,195.9086965,0,7,1,1, got allocated to elevator, 1
196.0,Elev,1,  arrived at src, -1, Elevator call,171.2117332,-1,8,2,1
196.0, elevID,1,  pos,-1,  cmd, goto,0
198.0,Elevator call,197.5359191,-1,1,1,0, got allocated to elevator, 0
205.0,Elev,0,  arrived at src, 8, Elevator call,130.0249568,8,10,2,0
205.0, elevID,0,  pos,8,  cmd, goto,10
206.0,Elevator call,205.9895199,-1,0,1,0, got allocated to elevator, 0
207.0,Elev,1,  arrived at src, 0, Elevator call,195.9086965,0,7,2,1
207.0, elevID,1,  pos,0,  cmd, goto,6
217.0,Elev,0,  arrived at dest, 10, this call is done!, Elevator call,130.0249568,8,10,3,0, Done, dt, 86.97504319999999
217.0, elevID,0,  pos,10,  cmd, goto,0
220.0,Elev,1,  arrived at dest, 6, this call is done!, Elevator call,170.0099621,0,6,3,1, Done, dt, 49.990037900000004
220.0, elevID,1,  pos,6,  cmd, goto,7
228.0,Elevator call,227.0798305,-1,5,1,1, got allocated to elevator, 1
231.0,Elev,1,  arrived at dest, 7, this call is done!, Elevator call,195.9086965,0,7,3,1, Done, dt, 35.09130350000001
231.0, elevID,1,  pos,7,  cmd, goto,8
232.0,Elevator call,231.5157882,-1,0,1,0, got allocated to elevator, 0
233.0,Elevator call,232.9504362,0,-1,1,0, got allocated to elevator, 0
237.0,Elev,0,  arrived at dest, 0, this call is done!, Elevator call,114.392351,3,0,3,0, Done, dt, 122.607649
237.0,Elev,0,  arrived at src, 0, Elevator call,174.8438515,0,-1,2,0
237.0,Elev,0,  arrived at src, 0, Elevator call,232.9504362,0,-1,2,0
237.0, elevID,0,  pos,0,  cmd, goto,-1
242.0,Elev,1,  arrived at dest, 8, this call is done!, Elevator call,171.2117332,-1,8,3,1, Done, dt, 70.7882668
242.0, elevID,1,  pos,8,  cmd, goto,-1
248.0,Elev,0,  arrived at src, -1, Elevator call,169.7845834,-1,0,2,0
248.0,Elev,0,  arrived at dest, -1, this call is done!, Elevator call,174.8438515,0,-1,3,0, Done, dt, 73.1561485
248.0,Elev,0,  arrived at src, -1, Elevator call,187.1167862,-1,-2,2,0
248.0,Elev,0,  arrived at src, -1, Elevator call,187.7299318,-1,-2,2,0
248.0,Elev,0,  arrived at src, -1, Elevator call,197.5359191,-1,1,2,0
248.0,Elev,0,  arrived at src, -1, Elevator call,205.9895199,-1,0,2,0
248.0,Elev,0,  arrived at src, -1, Elevator call,231.5157882,-1,0,2,0
248.0,Elev,0,  arrived at dest, -1, this call is done!, Elevator call,232.9504362,0,-1,3,0, Done, dt, 15.049563799999987
248.0, elevID,0,  pos,-1,  cmd, goto,-2
252.0,Elevator call,251.1044469,-1,-2,1,0, got allocated to elevator, 0
252.0,Elevator call,251.2359335,0,9,1,1, got allocated to elevator, 1
, elevID,0,  pos,-1,  cmd, stop,-1
255.0,Elevator call,254.6977153,3,4,1,0, got allocated to elevator, 0
257.0,Elev,1,  arrived at src, -1, Elevator call,227.0798305,-1,5,2,1
257.0, elevID,1,  pos,-1,  cmd, goto,0
258.0,Elevator call,257.7974435,-1,0,1,0, got allocated to elevator, 0
258.0,Elev,0,  arrived at src, -1, Elevator call,251.1044469,-1,-2,2,0
258.0,Elev,0,  arrived at src, -1, Elevator call,257.7974435,-1,0,2,0
258.0, elevID,0,  pos,-1,  cmd, goto,-2
268.0,Elev,1,  arrived at src, 0, Elevator call,251.2359335,0,9,2,1
268.0, elevID,1,  pos,0,  cmd, goto,5
269.0,Elev,0,  arrived at dest, -2, this call is done!, Elevator call,187.1167862,-1,-2,3,0, Done, dt, 81.8832138
269.0,Elev,0,  arrived at dest, -2, this call is done!, Elevator call,187.7299318,-1,-2,3,0, Done, dt, 81.2700682
269.0,Elev,0,  arrived at dest, -2, this call is done!, Elevator call,251.1044469,-1,-2,3,0, Done, dt, 17.8955531
269.0, elevID,0,  pos,-2,  cmd, goto,0
281.0,Elev,0,  arrived at dest, 0, this call is done!, Elevator call,169.7845834,-1,0,3,0, Done, dt, 111.2154166
281.0,Elev,0,  arrived at dest, 0, this call is done!, Elevator call,205.9895199,-1,0,3,0, Done, dt, 75.0104801
281.0,Elev,0,  arrived at dest, 0, this call is done!, Elevator call,231.5157882,-1,0,3,0, Done, dt, 49.4842118
281.0,Elev,0,  arrived at dest, 0, this call is done!, Elevator call,257.7974435,-1,0,3,0, Done, dt, 23.202556500000014
281.0, elevID,0,  pos,0,  cmd, goto,1
281.0,Elev,1,  arrived at dest, 5, this call is done!, Elevator call,227.0798305,-1,5,3,1, Done, dt, 53.920169499999986
281.0, elevID,1,  pos,5,  cmd, goto,9
292.0,Elev,0,  arrived at dest, 1, this call is done!, Elevator call,197.5359191,-1,1,3,0, Done, dt, 94.4640809
292.0, elevID,0,  pos,1,  cmd, goto,3
293.0,Elev,1,  arrived at dest, 9, this call is done!, Elevator call,251.2359335,0,9,3,1, Done, dt, 41.76406650000001
296.0,Elevator call,295.7943357,0,1,1,0, got allocated to elevator, 0
304.0,Elev,0,  arrived at src, 3, Elevator call,254.6977153,3,4,2,0
304.0, elevID,0,  pos,3,  cmd, goto,4
305.0,Elevator call,304.9984388,6,0,1,1, got allocated to elevator, 1
305.0, elevID,1,  pos,9,  cmd, goto,6
310.0,Elevator call,309.3005383,0,-1,1,0, got allocated to elevator, 0
313.0,Elevator call,312.3018556,0,-1,1,0, got allocated to elevator, 0
315.0,Elev,0,  arrived at dest, 4, this call is done!, Elevator call,254.6977153,3,4,3,0, Done, dt, 60.3022847
315.0, elevID,0,  pos,4,  cmd, goto,0
317.0,Elevator call,316.0323783,0,-1,1,0, got allocated to elevator, 0
317.0,Elev,1,  arrived at src, 6, Elevator call,304.9984388,6,0,2,1
317.0, elevID,1,  pos,6,  cmd, goto,0
320.0,Elevator call,319.905202,6,5,1,0, got allocated to elevator, 0
321.0,Elevator call,320.9760749,-1,0,1,0, got allocated to elevator, 0
322.0,Elevator call,321.370409,7,-1,1,1, got allocated to elevator, 1
329.0,Elev,0,  arrived at src, 0, Elevator call,295.7943357,0,1,2,0
329.0,Elev,0,  arrived at src, 0, Elevator call,309.3005383,0,-1,2,0
329.0,Elev,0,  arrived at src, 0, Elevator call,312.3018556,0,-1,2,0
329.0,Elev,0,  arrived at src, 0, Elevator call,316.0323783,0,-1,2,0
329.0, elevID,0,  pos,0,  cmd, goto,-1
330.0,Elev,1,  arrived at dest, 0, this call is done!, Elevator call,304.9984388,6,0,3,1, Done, dt, 25.001561200000026
330.0, elevID,1,  pos,0,  cmd, goto,7
333.0,Elevator call,332.4267319,0,10,1,1, got allocated to elevator, 1
333.0, elevID,1,  pos,0,  cmd, stop,0
337.0,Elevator call,336.9304305,-1,0,1,0, got allocated to elevator, 0
340.0,Elev,0,  arrived at dest, -1, this call is done!, Elevator call,309.3005383,0,-1,3,0, Done, dt, 30.699461699999972
340.0,Elev,0,  arrived at dest, -1, this call is done!, Elevator call,312.3018556,0,-1,3,0, Done, dt, 27.69814439999999
340.0,Elev,0,  arrived at dest, -1, this call is done!, Elevator call,316.0323783,0,-1,3,0, Done, dt, 23.967621699999995
340.0,Elev,0,  arrived at src, -1, Elevator call,320.9760749,-1,0,2,0
340.0,Elev,0,  arrived at src, -1, Elevator call,336.9304305,-1,0,2,0
340.0, elevID,0,  pos,-1,  cmd, goto,0
340.0,Elev,1,  arrived at src, 0, Elevator call,332.4267319,0,10,2,1
340.0, elevID,1,  pos,0,  cmd, goto,7
351.0,Elev,0,  arrived at dest, 0, this call is done!, Elevator call,320.9760749,-1,0,3,0, Done, dt, 30.023925099999985
351.0,Elev,0,  arrived at dest, 0, this call is done!, Elevator call,336.9304305,-1,0,3,0, Done, dt, 14.0695695
351.0, elevID,0,  pos,0,  cmd, goto,1
354.0,Elev,1,  arrived at src, 7, Elevator call,321.370409,7,-1,2,1
354.0, elevID,1,  pos,7,  cmd, goto,10
362.0,Elev,0,  arrived at dest, 1, this call is done!, Elevator call,295.7943357,0,1,3,0, Done, dt, 66.20566430000002
362.0, elevID,0,  pos,1,  cmd, goto,6
366.0,Elev,1,  arrived at dest, 10, this call is done!, Elevator call,332.4267319,0,10,3,1, Done, dt, 33.57326810000001
366.0, elevID,1,  pos,10,  cmd, goto,-1
376.0,Elevator call,375.490481,1,0,1,0, got allocated to elevator, 0
377.0,Elev,0,  arrived at src, 6, Elevator call,319.905202,6,5,2,0
377.0, elevID,0,  pos,6,  cmd, goto,5
382.0,Elev,1,  arrived at dest, -1, this call is done!, Elevator call,321.370409,7,-1,3,1, Done, dt, 60.629591000000005
388.0,Elev,0,  arrived at dest, 5, this call is done!, Elevator call,319.905202,6,5,3,0, Done, dt, 68.09479800000003
388.0, elevID,0,  pos,5,  cmd, goto,1
393.0,Elevator call,392.5160765,0,5,1,0, got allocated to elevator, 0
402.0,Elev,0,  arrived at src, 1, Elevator call,375.490481,1,0,2,0
402.0, elevID,0,  pos,1,  cmd, goto,0
406.0,Elevator call,405.1821141,-1,10,1,1, got allocated to elevator, 1
406.0,Elev,1,  arrived at src, -1, Elevator call,405.1821141,-1,10,2,1
406.0, elevID,1,  pos,-1,  cmd, goto,10
413.0,Elev,0,  arrived at dest, 0, this call is done!, Elevator call,375.490481,1,0,3,0, Done, dt, 37.50951900000001
413.0,Elev,0,  arrived at src, 0, Elevator call,392.5160765,0,5,2,0
413.0, elevID,0,  pos,0,  cmd, goto,5
422.0,Elev,1,  arrived at dest, 10, this call is done!, Elevator call,405.1821141,-1,10,3,1, Done, dt, 16.81788590000002
427.0,Elevator call,426.8615805,2,0,1,0, got allocated to elevator, 0
428.0,Elev,0,  arrived at dest, 5, this call is done!, Elevator call,392.5160765,0,5,3,0, Done, dt, 35.4839235
428.0, elevID,0,  pos,5,  cmd, goto,2
438.0,Elevator call,437.1711158,1,0,1,0, got allocated to elevator, 0
441.0,Elev,0,  arrived at src, 2, Elevator call,426.8615805,2,0,2,0
441.0, elevID,0,  pos,2,  cmd, goto,1
452.0,Elev,0,  arrived at src, 1, Elevator call,437.1711158,1,0,2,0
452.0, elevID,0,  pos,1,  cmd, goto,0
463.0,Elev,0,  arrived at dest, 0, this call is done!, Elevator call,426.8615805,2,0,3,0, Done, dt, 36.1384195
463.0,Elev,0,  arrived at dest, 0, this call is done!, Elevator call,437.1711158,1,0,3,0, Done, dt, 25.828884200000005
473.0,Elevator call,472.7445474,10,-1,1,1, got allocated to elevator, 1
473.0,Elev,1,  arrived at src, 10, Elevator call,472.7445474,10,-1,2,1
473.0, elevID,1,  pos,10,  cmd, goto,-1
489.0,Elev,1,  arrived at dest, -1, this call is done!, Elevator call,472.7445474,10,-1,3,1, Done, dt, 16.255452600000012
501.0,Elevator call,500.3712045,8,-1,1,1, got allocated to elevator, 1
501.0, elevID,1,  pos,-1,  cmd, goto,8
504.0,Elevator call,503.1384784,1,-1,1,0, got allocated to elevator, 0
504.0, elevID,0,  pos,0,  cmd, goto,1
505.0,Elevator call,504.4317942,0,-1,1,0, got allocated to elevator, 0
505.0, elevID,0,  pos,0,  cmd, stop,0
514.0,Elev,0,  arrived at src, 0, Elevator call,504.4317942,0,-1,2,0
514.0, elevID,0,  pos,0,  cmd, goto,1
516.0,Elev,1,  arrived at src, 8, Elevator call,500.3712045,8,-1,2,1
516.0, elevID,1,  pos,8,  cmd, goto,-1
525.0,Elev,0,  arrived at src, 1, Elevator call,503.1384784,1,-1,2,0
525.0, elevID,0,  pos,1,  cmd, goto,-1
530.0,Elevator call,529.6277472,3,-1,1,0, got allocated to elevator, 0
531.0,Elev,1,  arrived at dest, -1, this call is done!, Elevator call,500.3712045,8,-1,3,1, Done, dt, 30.628795500000024
537.0,Elev,0,  arrived at dest, -1, this call is done!, Elevator call,503.1384784,1,-1,3,0, Done, dt, 33.8615216
537.0,Elev,0,  arrived at dest, -1, this call is done!, Elevator call,504.4317942,0,-1,3,0, Done, dt, 32.56820579999999
537.0, elevID,0,  pos,-1,  cmd, goto,3
538.0,Elevator call,537.7866884,-1,6,1,1, got allocated to elevator, 1
538.0,Elev,1,  arrived at src, -1, Elevator call,537.7866884,-1,6,2,1
538.0, elevID,1,  pos,-1,  cmd, goto,6
545.0,Elevator call,544.7880392,6,-1,1,1, got allocated to elevator, 1
551.0,Elev,0,  arrived at src, 3, Elevator call,529.6277472,3,-1,2,0
551.0, elevID,0,  pos,3,  cmd, goto,-1
552.0,Elev,1,  arrived at dest, 6, this call is done!, Elevator call,537.7866884,-1,6,3,1, Done, dt, 14.213311599999997
552.0,Elev,1,  arrived at src, 6, Elevator call,544.7880392,6,-1,2,1
552.0, elevID,1,  pos,6,  cmd, goto,-1
555.0,Elevator call,554.0892923,4,0,1,0, got allocated to elevator, 0
558.0,Elevator call,557.244139,10,0,1,1, got allocated to elevator, 1
565.0,Elev,0,  arrived at dest, -1, this call is done!, Elevator call,529.6277472,3,-1,3,0, Done, dt, 35.372252799999956
565.0, elevID,0,  pos,-1,  cmd, goto,4
566.0,Elevator call,565.0195522,0,-1,1,0, got allocated to elevator, 0
566.0, elevID,0,  pos,-1,  cmd, stop,0
566.0,Elev,1,  arrived at dest, -1, this call is done!, Elevator call,544.7880392,6,-1,3,1, Done, dt, 21.211960800000043
566.0, elevID,1,  pos,-1,  cmd, goto,10
576.0,Elev,0,  arrived at src, 0, Elevator call,565.0195522,0,-1,2,0
576.0, elevID,0,  pos,0,  cmd, goto,4
582.0,Elevator call,581.870309,0,3,1,0, got allocated to elevator, 0
582.0,Elev,1,  arrived at src, 10, Elevator call,557.244139,10,0,2,1
582.0, elevID,1,  pos,10,  cmd, goto,0
590.0,Elev,0,  arrived at src, 4, Elevator call,554.0892923,4,0,2,0
590.0, elevID,0,  pos,4,  cmd, goto,0
597.0,Elevator call,596.1232023,8,0,1,1, got allocated to elevator, 1
597.0,Elev,1,  arrived at dest, 0, this call is done!, Elevator call,557.244139,10,0,3,1, Done, dt, 39.75586099999998
597.0, elevID,1,  pos,0,  cmd, goto,8
601.0,Elevator call,600.931288,1,0,1,0, got allocated to elevator, 0
604.0,Elevator call,603.9342327,7,0,1,1, got allocated to elevator, 1
604.0,Elev,0,  arrived at dest, 0, this call is done!, Elevator call,554.0892923,4,0,3,0, Done, dt, 49.91070769999999
604.0,Elev,0,  arrived at src, 0, Elevator call,581.870309,0,3,2,0
604.0, elevID,0,  pos,0,  cmd, goto,-1
604.0, elevID,1,  pos,4,  cmd, stop,7
611.0,Elev,1,  arrived at src, 7, Elevator call,603.9342327,7,0,2,1
611.0, elevID,1,  pos,7,  cmd, goto,8
615.0,Elev,0,  arrived at dest, -1, this call is done!, Elevator call,565.0195522,0,-1,3,0, Done, dt, 49.98044779999998
615.0, elevID,0,  pos,-1,  cmd, goto,1
618.0,Elevator call,617.9628339,0,3,1,0, got allocated to elevator, 0
618.0, elevID,0,  pos,-1,  cmd, stop,0
620.0,Elevator call,619.6454197,9,0,1,1, got allocated to elevator, 1
622.0,Elev,1,  arrived at src, 8, Elevator call,596.1232023,8,0,2,1
622.0, elevID,1,  pos,8,  cmd, goto,9
626.0,Elev,0,  arrived at src, 0, Elevator call,617.9628339,0,3,2,0
626.0, elevID,0,  pos,0,  cmd, goto,1
627.0,Elevator call,626.2116172,0,1,1,0, got allocated to elevator, 0
627.0, elevID,0,  pos,0,  cmd, stop,0
633.0,Elev,1,  arrived at src, 9, Elevator call,619.6454197,9,0,2,1
633.0, elevID,1,  pos,9,  cmd, goto,0
636.0,Elev,0,  arrived at src, 0, Elevator call,626.2116172,0,1,2,0
636.0, elevID,0,  pos,0,  cmd, goto,1
644.0,Elevator call,643.8547515,-1,2,1,0, got allocated to elevator, 0
647.0,Elev,0,  arrived at src, 1, Elevator call,600.931288,1,0,2,0
647.0,Elev,0,  arrived at dest, 1, this call is done!, Elevator call,626.2116172,0,1,3,0, Done, dt, 20.788382800000022
647.0, elevID,0,  pos,1,  cmd, goto,3
648.0,Elev,1,  arrived at dest, 0, this call is done!, Elevator call,596.1232023,8,0,3,1, Done, dt, 51.8767977
648.0,Elev,1,  arrived at dest, 0, this call is done!, Elevator call,603.9342327,7,0,3,1, Done, dt, 44.06576729999995
648.0,Elev,1,  arrived at dest, 0, this call is done!, Elevator call,619.6454197,9,0,3,1, Done, dt, 28.354580299999952
659.0,Elev,0,  arrived at dest, 3, this call is done!, Elevator call,581.870309,0,3,3,0, Done, dt, 77.12969099999998
659.0,Elev,0,  arrived at dest, 3, this call is done!, Elevator call,617.9628339,0,3,3,0, Done, dt, 41.037166100000036
659.0, elevID,0,  pos,3,  cmd, goto,0
661.0,Elevator call,660.0732908,6,10,1,0, got allocated to elevator, 0
662.0,Elevator call,661.042082,-1,3,1,0, got allocated to elevator, 0
663.0,Elevator call,662.1730528,-1,5,1,1, got allocated to elevator, 1
663.0, elevID,1,  pos,0,  cmd, goto,-1
666.0,Elevator call,665.1155549,-1,8,1,1, got allocated to elevator, 1
667.0,Elevator call,666.0340295,4,0,1,0, got allocated to elevator, 0
667.0,Elevator call,666.2411587,5,-1,1,1, got allocated to elevator, 1
672.0,Elev,0,  arrived at dest, 0, this call is done!, Elevator call,600.931288,1,0,3,0, Done, dt, 71.068712
672.0, elevID,0,  pos,0,  cmd, goto,-1
673.0,Elevator call,672.6773142,0,-1,1,0, got allocated to elevator, 0
, elevID,0,  pos,0,  cmd, stop,0
674.0,Elev,1,  arrived at src, -1, Elevator call,662.1730528,-1,5,2,1
674.0,Elev,1,  arrived at src, -1, Elevator call,665.1155549,-1,8,2,1
674.0, elevID,1,  pos,-1,  cmd, goto,5
678.0,Elevator call,677.7341948,0,-1,1,0, got allocated to elevator, 0
679.0,Elevator call,678.9953585,-1,-2,1,0, got allocated to elevator, 0
682.0,Elev,0,  arrived at src, 0, Elevator call,672.6773142,0,-1,2,0
682.0,Elev,0,  arrived at src, 0, Elevator call,677.7341948,0,-1,2,0
682.0, elevID,0,  pos,0,  cmd, goto,-1
687.0,Elev,1,  arrived at dest, 5, this call is done!, Elevator call,662.1730528,-1,5,3,1, Done, dt, 24.82694719999995
687.0,Elev,1,  arrived at src, 5, Elevator call,666.2411587,5,-1,2,1
687.0, elevID,1,  pos,5,  cmd, goto,8
693.0,Elev,0,  arrived at src, -1, Elevator call,643.8547515,-1,2,2,0
693.0,Elev,0,  arrived at src, -1, Elevator call,661.042082,-1,3,2,0
693.0,Elev,0,  arrived at dest, -1, this call is done!, Elevator call,672.6773142,0,-1,3,0, Done, dt, 20.322685800000045
693.0,Elev,0,  arrived at dest, -1, this call is done!, Elevator call,677.7341948,0,-1,3,0, Done, dt, 15.265805200000045
693.0,Elev,0,  arrived at src, -1, Elevator call,678.9953585,-1,-2,2,0
693.0, elevID,0,  pos,-1,  cmd, goto,-2
696.0,Elevator call,695.2239882,0,10,1,1, got allocated to elevator, 1
699.0,Elev,1,  arrived at dest, 8, this call is done!, Elevator call,665.1155549,-1,8,3,1, Done, dt, 33.88444509999999
699.0, elevID,1,  pos,8,  cmd, goto,0
704.0,Elev,0,  arrived at dest, -2, this call is done!, Elevator call,678.9953585,-1,-2,3,0, Done, dt, 25.004641500000048
704.0, elevID,0,  pos,-2,  cmd, goto,2
707.0,Elevator call,706.1583475,-1,-2,1,0, got allocated to elevator, 0
707.0, elevID,0,  pos,-2,  cmd, stop,-1
711.0,Elevator call,710.324977,0,1,1,0, got allocated to elevator, 0
713.0,Elev,1,  arrived at src, 0, Elevator call,695.2239882,0,10,2,1
713.0, elevID,1,  pos,0,  cmd, goto,-1
714.0,Elevator call,713.0191971,1,0,1,0, got allocated to elevator, 0
714.0,Elevator call,713.2499766,10,-1,1,1, got allocated to elevator, 1
715.0,Elev,0,  arrived at src, -1, Elevator call,706.1583475,-1,-2,2,0
715.0, elevID,0,  pos,-1,  cmd, goto,0
723.0,Elevator call,722.6161213,10,0,1,1, got allocated to elevator, 1
724.0,Elev,1,  arrived at dest, -1, this call is done!, Elevator call,666.2411587,5,-1,3,1, Done, dt, 57.75884129999997
724.0, elevID,1,  pos,-1,  cmd, goto,10
726.0,Elev,0,  arrived at src, 0, Elevator call,710.324977,0,1,2,0
726.0, elevID,0,  pos,0,  cmd, goto,1
728.0,Elevator call,727.5146029,-1,0,1,0, got allocated to elevator, 0
733.0,Elevator call,732.9746341,6,-1,1,1, got allocated to elevator, 1
737.0,Elev,0,  arrived at dest, 1, this call is done!, Elevator call,710.324977,0,1,3,0, Done, dt, 26.67502300000001
737.0,Elev,0,  arrived at src, 1, Elevator call,713.0191971,1,0,2,0
737.0, elevID,0,  pos,1,  cmd, goto,2
738.0,Elevator call,737.3147202,1,0,1,0, got allocated to elevator, 0
738.0, elevID,0,  pos,1,  cmd, stop,1
740.0,Elev,1,  arrived at dest, 10, this call is done!, Elevator call,695.2239882,0,10,3,1, Done, dt, 44.77601179999999
740.0,Elev,1,  arrived at src, 10, Elevator call,713.2499766,10,-1,2,1
740.0,Elev,1,  arrived at src, 10, Elevator call,722.6161213,10,0,2,1
740.0, elevID,1,  pos,10,  cmd, goto,6
747.0,Elev,0,  arrived at src, 1, Elevator call,737.3147202,1,0,2,0
747.0, elevID,0,  pos,1,  cmd, goto,2
752.0,Elev,1,  arrived at src, 6, Elevator call,732.9746341,6,-1,2,1
752.0, elevID,1,  pos,6,  cmd, goto,0
758.0,Elev,0,  arrived at dest, 2, this call is done!, Elevator call,643.8547515,-1,2,3,0, Done, dt, 114.14524849999998
758.0, elevID,0,  pos,2,  cmd, goto,3
765.0,Elev,1,  arrived at dest, 0, this call is done!, Elevator call,722.6161213,10,0,3,1, Done, dt, 42.38387869999997
765.0, elevID,1,  pos,0,  cmd, goto,-1
769.0,Elev,0,  arrived at dest, 3, this call is done!, Elevator call,661.042082,-1,3,3,0, Done, dt, 107.95791799999995
769.0, elevID,0,  pos,3,  cmd, goto,4
776.0,Elev,1,  arrived at dest, -1, this call is done!, Elevator call,713.2499766,10,-1,3,1, Done, dt, 62.75002340000003
776.0,Elev,1,  arrived at dest, -1, this call is done!, Elevator call,732.9746341,6,-1,3,1, Done, dt, 43.0253659
780.0,Elevator call,779.3996914,-1,5,1,1, got allocated to elevator, 1
780.0,Elev,0,  arrived at src, 4, Elevator call,666.0340295,4,0,2,0
780.0, elevID,0,  pos,4,  cmd, goto,6
780.0,Elev,1,  arrived at src, -1, Elevator call,779.3996914,-1,5,2,1
780.0, elevID,1,  pos,-1,  cmd, goto,5
792.0,Elev,0,  arrived at src, 6, Elevator call,660.0732908,6,10,2,0
792.0, elevID,0,  pos,6,  cmd, goto,10
793.0,Elev,1,  arrived at dest, 5, this call is done!, Elevator call,779.3996914,-1,5,3,1, Done, dt, 13.600308599999948
806.0,Elevator call,805.6754743,-1,-2,1,0, got allocated to elevator, 0
806.0,Elev,0,  arrived at dest, 10, this call is done!, Elevator call,660.0732908,6,10,3,0, Done, dt, 145.9267092
806.0, elevID,0,  pos,10,  cmd, goto,0
811.0,Elevator call,810.4469089,2,0,1,0, got allocated to elevator, 0
, elevID,0,  pos,10,  cmd, stop,2
817.0,Elevator call,816.1516998,7,-1,1,1, got allocated to elevator, 1
817.0, elevID,1,  pos,5,  cmd, goto,7
824.0,Elev,0,  arrived at src, 2, Elevator call,810.4469089,2,0,2,0
824.0, elevID,0,  pos,2,  cmd, goto,0
826.0,Elevator call,825.4575185,7,0,1,1, got allocated to elevator, 1
828.0,Elev,1,  arrived at src, 7, Elevator call,816.1516998,7,-1,2,1
828.0,Elev,1,  arrived at src, 7, Elevator call,825.4575185,7,0,2,1
828.0, elevID,1,  pos,7,  cmd, goto,0
836.0,Elev,0,  arrived at dest, 0, this call is done!, Elevator call,666.0340295,4,0,3,0, Done, dt, 169.96597050000003
836.0,Elev,0,  arrived at dest, 0, this call is done!, Elevator call,713.0191971,1,0,3,0, Done, dt, 122.98080289999996
836.0,Elev,0,  arrived at dest, 0, this call is done!, Elevator call,737.3147202,1,0,3,0, Done, dt, 98.68527979999999
836.0,Elev,0,  arrived at dest, 0, this call is done!, Elevator call,810.4469089,2,0,3,0, Done, dt, 25.55309109999996
836.0, elevID,0,  pos,0,  cmd, goto,-1
840.0,Elevator call,839.8525653,0,1,1,0, got allocated to elevator, 0
, elevID,0,  pos,0,  cmd, stop,0
842.0,Elev,1,  arrived at dest, 0, this call is done!, Elevator call,825.4575185,7,0,3,1, Done, dt, 16.542481500000008
842.0, elevID,1,  pos,0,  cmd, goto,-1
846.0,Elev,0,  arrived at src, 0, Elevator call,839.8525653,0,1,2,0
846.0, elevID,0,  pos,0,  cmd, goto,-1
853.0,Elev,1,  arrived at dest, -1, this call is done!, Elevator call,816.1516998,7,-1,3,1, Done, dt, 36.84830020000004
855.0,Elevator call,854.2002278,6,-1,1,1, got allocated to elevator, 1
855.0, elevID,1,  pos,-1,  cmd, goto,6
857.0,Elev,0,  arrived at src, -1, Elevator call,727.5146029,-1,0,2,0
857.0,Elev,0,  arrived at src, -1, Elevator call,805.6754743,-1,-2,2,0
857.0, elevID,0,  pos,-1,  cmd, goto,-2
864.0,Elevator call,863.8932913,0,-1,1,0, got allocated to elevator, 0
868.0,Elev,0,  arrived at dest, -2, this call is done!, Elevator call,706.1583475,-1,-2,3,0, Done, dt, 161.8416525
868.0,Elev,0,  arrived at dest, -2, this call is done!, Elevator call,805.6754743,-1,-2,3,0, Done, dt, 62.32452569999998
868.0, elevID,0,  pos,-2,  cmd, goto,0
869.0,Elev,1,  arrived at src, 6, Elevator call,854.2002278,6,-1,2,1
869.0, elevID,1,  pos,6,  cmd, goto,-1
871.0,Elevator call,870.5053024,0,7,1,1, got allocated to elevator, 1
, elevID,1,  pos,6,  cmd, stop,0
880.0,Elev,0,  arrived at dest, 0, this call is done!, Elevator call,727.5146029,-1,0,3,0, Done, dt, 152.4853971
880.0,Elev,0,  arrived at src, 0, Elevator call,863.8932913,0,-1,2,0
880.0, elevID,0,  pos,0,  cmd, goto,1
882.0,Elev,1,  arrived at src, 0, Elevator call,870.5053024,0,7,2,1
882.0, elevID,1,  pos,0,  cmd, goto,-1
887.0,Elevator call,886.5649993,-1,-2,1,0, got allocated to elevator, 0
891.0,Elev,0,  arrived at dest, 1, this call is done!, Elevator call,839.8525653,0,1,3,0, Done, dt, 51.14743469999996
891.0, elevID,0,  pos,1,  cmd, goto,-1
893.0,Elevator call,892.5212151,9,-1,1,1, got allocated to elevator, 1
893.0,Elev,1,  arrived at dest, -1, this call is done!, Elevator call,854.2002278,6,-1,3,1, Done, dt, 38.79977220000001
893.0, elevID,1,  pos,-1,  cmd, goto,7
903.0,Elev,0,  arrived at dest, -1, this call is done!, Elevator call,863.8932913,0,-1,3,0, Done, dt, 39.10670870000001
903.0,Elev,0,  arrived at src, -1, Elevator call,886.5649993,-1,-2,2,0
903.0, elevID,0,  pos,-1,  cmd, goto,-2
907.0,Elev,1,  arrived at dest, 7, this call is done!, Elevator call,870.5053024,0,7,3,1, Done, dt, 36.494697599999995
907.0, elevID,1,  pos,7,  cmd, goto,9
911.0,Elevator call,910.5388559,6,5,1,0, got allocated to elevator, 0
914.0,Elev,0,  arrived at dest, -2, this call is done!, Elevator call,886.5649993,-1,-2,3,0, Done, dt, 27.435000700000046
914.0, elevID,0,  pos,-2,  cmd, goto,6
916.0,Elevator call,915.9490575,4,-1,1,0, got allocated to elevator, 0
916.0, elevID,0,  pos,-2,  cmd, stop,4
918.0,Elev,1,  arrived at src, 9, Elevator call,892.5212151,9,-1,2,1
918.0, elevID,1,  pos,9,  cmd, goto,-1
930.0,Elev,0,  arrived at src, 4, Elevator call,915.9490575,4,-1,2,0
930.0, elevID,0,  pos,4,  cmd, goto,6
933.0,Elev,1,  arrived at dest, -1, this call is done!, Elevator call,892.5212151,9,-1,3,1, Done, dt, 40.47878490000005
934.0,Elevator call,933.8580452,7,5,1,0, got allocated to elevator, 0
942.0,Elev,0,  arrived at src, 6, Elevator call,910.5388559,6,5,2,0
942.0, elevID,0,  pos,6,  cmd, goto,7
953.0,Elev,0,  arrived at src, 7, Elevator call,933.8580452,7,5,2,0
953.0, elevID,0,  pos,7,  cmd, goto,5
962.0,Elevator call,961.6862856,6,-1,1,1, got allocated to elevator, 1
962.0, elevID,1,  pos,-1,  cmd, goto,6
965.0,Elev,0,  arrived at dest, 5, this call is done!, Elevator call,910.5388559,6,5,3,0, Done, dt, 54.461144099999956
965.0,Elev,0,  arrived at dest, 5, this call is done!, Elevator call,933.8580452,7,5,3,0, Done, dt, 31.141954800000008
965.0, elevID,0,  pos,5,  cmd, goto,-1
973.0,Elevator call,972.8032126,1,0,1,0, got allocated to elevator, 0
, elevID,0,  pos,2,  cmd, stop,1
976.0,Elevator call,975.8361203,0,-1,1,0, got allocated to elevator, 0
976.0,Elev,1,  arrived at src, 6, Elevator call,961.6862856,6,-1,2,1
976.0, elevID,1,  pos,6,  cmd, goto,-1
979.0,Elevator call,978.5925149,10,0,1,1, got allocated to elevator, 1
979.0,Elevator call,978.6210501,10,-1,1,1, got allocated to elevator, 1
979.0,Elev,0,  arrived at src, 1, Elevator call,972.8032126,1,0,2,0
979.0, elevID,0,  pos,1,  cmd, goto,0
985.0,Elevator call,984.1840186,7,0,1,1, got allocated to elevator, 1
990.0,Elev,0,  arrived at dest, 0, this call is done!, Elevator call,972.8032126,1,0,3,0, Done, dt, 17.19678739999995
990.0,Elev,0,  arrived at src, 0, Elevator call,975.8361203,0,-1,2,0
990.0, elevID,0,  pos,0,  cmd, goto,-1
990.0,Elev,1,  arrived at dest, -1, this call is done!, Elevator call,961.6862856,6,-1,3,1, Done, dt, 28.31371439999998
990.0, elevID,1,  pos,-1,  cmd, goto,7
1001.0,Elev,0,  arrived at dest, -1, this call is done!, Elevator call,915.9490575,4,-1,3,0, Done, dt, 85.05094250000002
1001.0,Elev,0,  arrived at dest, -1, this call is done!, Elevator call,975.8361203,0,-1,3,0, Done, dt, 25.163879700000052
1004.0,Elev,1,  arrived at src, 7, Elevator call,984.1840186,7,0,2,1
1004.0, elevID,1,  pos,7,  cmd, goto,10
1016.0,Elev,1,  arrived at src, 10, Elevator call,978.5925149,10,0,2,1
1016.0,Elev,1,  arrived at src, 10, Elevator call,978.6210501,10,-1,2,1
1016.0, elevID,1,  pos,10,  cmd, goto,0
1031.0,Elev,1,  arrived at dest, 0, this call is done!, Elevator call,978.5925149,10,0,3,1, Done, dt, 52.40748510000003
1031.0,Elev,1,  arrived at dest, 0, this call is done!, Elevator call,984.1840186,7,0,3,1, Done, dt, 46.815981400000055
1031.0, elevID,1,  pos,0,  cmd, goto,-1
1042.0,Elev,1,  arrived at dest, -1, this call is done!, Elevator call,978.6210501,10,-1,3,1, Done, dt, 63.37894989999995
1043.0,************* Simulation Ended ************
Code Owners,211576277,322679713,  Building_file,data/Building/B2.json,  Calls,out.csv
Total waiting time: 4935.0,  average waiting time per call: 49.35,  unCompleted calls,0,  certificate, -228871782
